c:\users\administrator\desktop\gameprograming4\ch13_shopnpc\x64\debug\vc143.pdb
c:\users\administrator\desktop\gameprograming4\ch13_shopnpc\x64\debug\vc143.idb
c:\users\administrator\desktop\gameprograming4\ch13_shopnpc\x64\debug\main.obj
c:\users\user\desktop\gameprograming4\ch13_shopnpc\x64\debug\vc143.pdb
c:\users\user\desktop\gameprograming4\ch13_shopnpc\x64\debug\vc143.idb
c:\users\user\desktop\gameprograming4\ch13_shopnpc\x64\debug\main.obj
c:\users\user\desktop\gameprograming4\ch13_shopnpc\x64\debug\example.obj
c:\users\administrator\desktop\gameprograming4\gameprograming4\x64\debug\ch13_shopnpc.exe
c:\users\administrator\desktop\gameprograming4\ch13_shopnpc\x64\debug\ch13_shopnpc.ilk
c:\users\administrator\desktop\gameprograming4\gameprograming4\x64\debug\ch13_shopnpc.pdb
c:\users\user\desktop\gameprograming4\gameprograming4\x64\debug\ch13_shopnpc.pdb
c:\users\user\desktop\gameprograming4\ch13_shopnpc\x64\debug\ch13_shopnpc.tlog\cl.command.1.tlog
c:\users\user\desktop\gameprograming4\ch13_shopnpc\x64\debug\ch13_shopnpc.tlog\cl.items.tlog
c:\users\user\desktop\gameprograming4\ch13_shopnpc\x64\debug\ch13_shopnpc.tlog\cl.read.1.tlog
c:\users\user\desktop\gameprograming4\ch13_shopnpc\x64\debug\ch13_shopnpc.tlog\cl.write.1.tlog
c:\users\user\desktop\gameprograming4\ch13_shopnpc\x64\debug\ch13_shopnpc.tlog\link-cvtres.read.1.tlog
c:\users\user\desktop\gameprograming4\ch13_shopnpc\x64\debug\ch13_shopnpc.tlog\link-cvtres.write.1.tlog
c:\users\user\desktop\gameprograming4\ch13_shopnpc\x64\debug\ch13_shopnpc.tlog\link-rc.read.1.tlog
c:\users\user\desktop\gameprograming4\ch13_shopnpc\x64\debug\ch13_shopnpc.tlog\link-rc.write.1.tlog
c:\users\user\desktop\gameprograming4\ch13_shopnpc\x64\debug\ch13_shopnpc.tlog\link.command.1.tlog
c:\users\user\desktop\gameprograming4\ch13_shopnpc\x64\debug\ch13_shopnpc.tlog\link.read.1.tlog
c:\users\user\desktop\gameprograming4\ch13_shopnpc\x64\debug\ch13_shopnpc.tlog\link.read.2.tlog
c:\users\user\desktop\gameprograming4\ch13_shopnpc\x64\debug\ch13_shopnpc.tlog\link.read.3.tlog
c:\users\user\desktop\gameprograming4\ch13_shopnpc\x64\debug\ch13_shopnpc.tlog\link.read.4.tlog
c:\users\user\desktop\gameprograming4\ch13_shopnpc\x64\debug\ch13_shopnpc.tlog\link.write.1.tlog
