c:\users\administrator\desktop\gameprograming4\ch12_associate container\x64\debug\vc143.pdb
c:\users\administrator\desktop\gameprograming4\ch12_associate container\x64\debug\vc143.idb
c:\users\administrator\desktop\gameprograming4\ch12_associate container\x64\debug\main.obj
c:\users\administrator\desktop\gameprograming4\ch12_associate container\x64\debug\ch12_associate container.ilk
c:\users\administrator\desktop\gameprograming4\gameprograming4\x64\debug\ch12_associate container.exe
c:\users\administrator\desktop\gameprograming4\gameprograming4\x64\debug\ch12_associate container.pdb
c:\users\user\desktop\gameprograming4\ch12_associate container\x64\debug\ch12_associate container.ilk
c:\users\user\desktop\gameprograming4\ch12_associate container\x64\debug\main.obj
c:\users\user\desktop\gameprograming4\ch12_associate container\x64\debug\vc143.idb
c:\users\user\desktop\gameprograming4\ch12_associate container\x64\debug\vc143.pdb
c:\users\user\desktop\gameprograming4\gameprograming4\x64\debug\ch12_associate container.pdb
c:\users\user\desktop\gameprograming4\gameprograming4\x64\debug\ch12_associate container.exe
c:\users\user\desktop\gameprograming4\ch12_associate container\x64\debug\ch12_ass.d9179c95.tlog\cl.command.1.tlog
c:\users\user\desktop\gameprograming4\ch12_associate container\x64\debug\ch12_ass.d9179c95.tlog\cl.items.tlog
c:\users\user\desktop\gameprograming4\ch12_associate container\x64\debug\ch12_ass.d9179c95.tlog\cl.read.1.tlog
c:\users\user\desktop\gameprograming4\ch12_associate container\x64\debug\ch12_ass.d9179c95.tlog\cl.write.1.tlog
c:\users\user\desktop\gameprograming4\ch12_associate container\x64\debug\ch12_ass.d9179c95.tlog\link.command.1.tlog
c:\users\user\desktop\gameprograming4\ch12_associate container\x64\debug\ch12_ass.d9179c95.tlog\link.read.1.tlog
c:\users\user\desktop\gameprograming4\ch12_associate container\x64\debug\ch12_ass.d9179c95.tlog\link.secondary.1.tlog
c:\users\user\desktop\gameprograming4\ch12_associate container\x64\debug\ch12_ass.d9179c95.tlog\link.write.1.tlog
